<?xml version="1.0" encoding="UTF-8"?>
<testsuite xmlns:xsi="http://www.w3.org/2001/XMLSchema-instance" xsi:noNamespaceSchemaLocation="https://maven.apache.org/surefire/maven-surefire-plugin/xsd/surefire-test-report-3.0.xsd" version="3.0" name="com.akp.user.service.userservice.UserserviceApplicationTests" time="32.392" tests="2" errors="0" skipped="0" failures="0">
  <properties>
[...]
</properties>
  <testcase name="contextLoads" classname="com.akp.user.service.userservice.UserserviceApplicationTests" time="2.226">
    <system-out><![CDATA[06:06:26.808 [main] INFO org.springframework.test.context.support.AnnotationConfigContextLoaderUtils -- Could not detect default configuration classes for test class [com.akp.user.service.userservice.UserserviceApplicationTests]: UserserviceApplicationTests does not declare any static, non-private, non-final, nested classes annotated with @Configuration.
06:06:27.533 [main] INFO org.springframework.boot.test.context.SpringBootTestContextBootstrapper -- Found @SpringBootConfiguration com.akp.UserserviceApplication for test class com.akp.user.service.userservice.UserserviceApplicationTests

  .   ____          _            __ _ _
 /\\ / ___'_ __ _ _(_)_ __  __ _ \ \ \ \
( ( )\___ | '_ | '_| | '_ \/ _` | \ \ \ \
 \\/  ___)| |_)| | | | | || (_| |  ) ) ) )
  '  |____| .__|_| |_|_| |_\__, | / / / /
 =========|_|==============|___/=/_/_/_/

 :: Spring Boot ::                (v3.3.3)

2024-09-21T06:06:30.633+05:30  INFO 6684 --- [USER-SERVICE] [           main] c.a.u.s.u.UserserviceApplicationTests    : Starting UserserviceApplicationTests using Java 22.0.2 with PID 6684 (started by Lenovo in C:\Users\Lenovo\OneDrive\Documents\Anjali\Project\userservice)
2024-09-21T06:06:30.636+05:30  INFO 6684 --- [USER-SERVICE] [           main] c.a.u.s.u.UserserviceApplicationTests    : No active profile set, falling back to 1 default profile: "default"
2024-09-21T06:06:35.221+05:30  INFO 6684 --- [USER-SERVICE] [           main] .s.d.r.c.RepositoryConfigurationDelegate : Bootstrapping Spring Data JPA repositories in DEFAULT mode.
2024-09-21T06:06:35.725+05:30  INFO 6684 --- [USER-SERVICE] [           main] .s.d.r.c.RepositoryConfigurationDelegate : Finished Spring Data repository scanning in 482 ms. Found 1 JPA repository interface.
2024-09-21T06:06:37.461+05:30  INFO 6684 --- [USER-SERVICE] [           main] o.s.cloud.context.scope.GenericScope     : BeanFactory id=0ab4b71a-69e7-339e-8a8d-e2d39105f24f
2024-09-21T06:06:38.296+05:30  WARN 6684 --- [USER-SERVICE] [           main] trationDelegate$BeanPostProcessorChecker : Bean 'org.springframework.cloud.client.loadbalancer.LoadBalancerAutoConfiguration$DeferringLoadBalancerInterceptorConfig' of type [org.springframework.cloud.client.loadbalancer.LoadBalancerAutoConfiguration$DeferringLoadBalancerInterceptorConfig] is not eligible for getting processed by all BeanPostProcessors (for example: not eligible for auto-proxying). The currently created BeanPostProcessor [lbRestClientPostProcessor] is declared through a non-static factory method on that class; consider declaring it as static instead.
2024-09-21T06:06:38.301+05:30  WARN 6684 --- [USER-SERVICE] [           main] trationDelegate$BeanPostProcessorChecker : Bean 'deferringLoadBalancerInterceptor' of type [org.springframework.cloud.client.loadbalancer.DeferringLoadBalancerInterceptor] is not eligible for getting processed by all BeanPostProcessors (for example: not eligible for auto-proxying). Is this bean getting eagerly injected into a currently created BeanPostProcessor [lbRestClientPostProcessor]? Check the corresponding BeanPostProcessor declaration and its dependencies.
2024-09-21T06:06:39.685+05:30  INFO 6684 --- [USER-SERVICE] [           main] o.hibernate.jpa.internal.util.LogHelper  : HHH000204: Processing PersistenceUnitInfo [name: default]
2024-09-21T06:06:39.947+05:30  INFO 6684 --- [USER-SERVICE] [           main] org.hibernate.Version                    : HHH000412: Hibernate ORM core version 6.5.2.Final
2024-09-21T06:06:40.202+05:30  INFO 6684 --- [USER-SERVICE] [           main] o.h.c.internal.RegionFactoryInitiator    : HHH000026: Second-level cache disabled
2024-09-21T06:06:41.637+05:30  INFO 6684 --- [USER-SERVICE] [           main] o.s.o.j.p.SpringPersistenceUnitInfo      : No LoadTimeWeaver setup: ignoring JPA class transformer
2024-09-21T06:06:41.780+05:30  INFO 6684 --- [USER-SERVICE] [           main] com.zaxxer.hikari.HikariDataSource       : HikariPool-1 - Starting...
2024-09-21T06:06:43.235+05:30  INFO 6684 --- [USER-SERVICE] [           main] com.zaxxer.hikari.pool.HikariPool        : HikariPool-1 - Added connection com.mysql.cj.jdbc.ConnectionImpl@7b2d58e6
2024-09-21T06:06:43.282+05:30  INFO 6684 --- [USER-SERVICE] [           main] com.zaxxer.hikari.HikariDataSource       : HikariPool-1 - Start completed.
2024-09-21T06:06:46.566+05:30  INFO 6684 --- [USER-SERVICE] [           main] o.h.e.t.j.p.i.JtaPlatformInitiator       : HHH000489: No JTA platform available (set 'hibernate.transaction.jta.platform' to enable JTA platform integration)
2024-09-21T06:06:46.780+05:30  INFO 6684 --- [USER-SERVICE] [           main] j.LocalContainerEntityManagerFactoryBean : Initialized JPA EntityManagerFactory for persistence unit 'default'
2024-09-21T06:06:48.900+05:30  WARN 6684 --- [USER-SERVICE] [           main] JpaBaseConfiguration$JpaWebConfiguration : spring.jpa.open-in-view is enabled by default. Therefore, database queries may be performed during view rendering. Explicitly configure spring.jpa.open-in-view to disable this warning
2024-09-21T06:06:49.459+05:30  INFO 6684 --- [USER-SERVICE] [           main] o.s.c.openfeign.FeignClientFactoryBean   : For 'HOTEL-SERVICE' URL not provided. Will try picking an instance via load-balancing.
2024-09-21T06:06:52.959+05:30  INFO 6684 --- [USER-SERVICE] [           main] DiscoveryClientOptionalArgsConfiguration : Eureka HTTP Client uses RestTemplate.
2024-09-21T06:06:53.135+05:30  WARN 6684 --- [USER-SERVICE] [           main] iguration$LoadBalancerCaffeineWarnLogger : Spring Cloud LoadBalancer is currently working with the default cache. While this cache implementation is useful for development and tests, it's recommended to use Caffeine cache in production.You can switch to using Caffeine cache, by adding it and org.springframework.cache.caffeine.CaffeineCacheManager to the classpath.
2024-09-21T06:06:53.300+05:30  INFO 6684 --- [USER-SERVICE] [           main] o.s.c.n.eureka.InstanceInfoFactory       : Setting initial instance status as: STARTING
2024-09-21T06:06:53.363+05:30  INFO 6684 --- [USER-SERVICE] [           main] com.netflix.discovery.DiscoveryClient    : Initializing Eureka in region us-east-1
2024-09-21T06:06:53.372+05:30  INFO 6684 --- [USER-SERVICE] [           main] c.n.d.s.r.aws.ConfigClusterResolver      : Resolving eureka endpoints via configuration
2024-09-21T06:06:53.400+05:30  INFO 6684 --- [USER-SERVICE] [           main] com.netflix.discovery.DiscoveryClient    : Disable delta property : false
2024-09-21T06:06:53.404+05:30  INFO 6684 --- [USER-SERVICE] [           main] com.netflix.discovery.DiscoveryClient    : Single vip registry refresh property : null
2024-09-21T06:06:53.404+05:30  INFO 6684 --- [USER-SERVICE] [           main] com.netflix.discovery.DiscoveryClient    : Force full registry fetch : false
2024-09-21T06:06:53.404+05:30  INFO 6684 --- [USER-SERVICE] [           main] com.netflix.discovery.DiscoveryClient    : Application is null : false
2024-09-21T06:06:53.405+05:30  INFO 6684 --- [USER-SERVICE] [           main] com.netflix.discovery.DiscoveryClient    : Registered Applications size is zero : true
2024-09-21T06:06:53.405+05:30  INFO 6684 --- [USER-SERVICE] [           main] com.netflix.discovery.DiscoveryClient    : Application version is -1: true
2024-09-21T06:06:53.406+05:30  INFO 6684 --- [USER-SERVICE] [           main] com.netflix.discovery.DiscoveryClient    : Getting all instance registry info from the eureka server
2024-09-21T06:06:55.085+05:30  INFO 6684 --- [USER-SERVICE] [           main] com.netflix.discovery.DiscoveryClient    : The response status is 200
2024-09-21T06:06:55.097+05:30  INFO 6684 --- [USER-SERVICE] [           main] com.netflix.discovery.DiscoveryClient    : Starting heartbeat executor: renew interval is: 30
2024-09-21T06:06:55.109+05:30  INFO 6684 --- [USER-SERVICE] [           main] c.n.discovery.InstanceInfoReplicator     : InstanceInfoReplicator onDemand update allowed rate per min is 4
2024-09-21T06:06:55.116+05:30  INFO 6684 --- [USER-SERVICE] [           main] com.netflix.discovery.DiscoveryClient    : Discovery Client initialized at timestamp 1726879015113 with initial instances count: 3
2024-09-21T06:06:55.210+05:30  INFO 6684 --- [USER-SERVICE] [           main] o.s.c.n.e.s.EurekaServiceRegistry        : Registering application USER-SERVICE with eureka with status UP
2024-09-21T06:06:55.212+05:30  INFO 6684 --- [USER-SERVICE] [           main] com.netflix.discovery.DiscoveryClient    : Saw local status change event StatusChangeEvent [timestamp=1726879015212, current=UP, previous=STARTING]
2024-09-21T06:06:55.236+05:30  INFO 6684 --- [USER-SERVICE] [foReplicator-%d] com.netflix.discovery.DiscoveryClient    : DiscoveryClient_USER-SERVICE/AKP-Pawar:USER-SERVICE:8081: registering service...
2024-09-21T06:06:55.253+05:30  INFO 6684 --- [USER-SERVICE] [           main] c.a.u.s.u.UserserviceApplicationTests    : Started UserserviceApplicationTests in 26.799 seconds (process running for 34.069)
2024-09-21T06:06:55.358+05:30  INFO 6684 --- [USER-SERVICE] [foReplicator-%d] com.netflix.discovery.DiscoveryClient    : DiscoveryClient_USER-SERVICE/AKP-Pawar:USER-SERVICE:8081 - registration status: 204
2024-09-21T06:06:55.407+05:30  INFO 6684 --- [USER-SERVICE] [           main] o.s.c.openfeign.FeignClientFactoryBean   : For 'RATING-SERVICE' URL not provided. Will try picking an instance via load-balancing.
]]></system-out>
    <system-err><![CDATA[WARNING: A Java agent has been loaded dynamically (C:\Users\Lenovo\.m2\repository\net\bytebuddy\byte-buddy-agent\1.14.19\byte-buddy-agent-1.14.19.jar)
WARNING: If a serviceability tool is in use, please run with -XX:+EnableDynamicAgentLoading to hide this warning
WARNING: If a serviceability tool is not in use, please run with -Djdk.instrument.traceUsage for more information
WARNING: Dynamic loading of agents will be disallowed by default in a future release
]]></system-err>
  </testcase>
  <testcase name="createRating" classname="com.akp.user.service.userservice.UserserviceApplicationTests" time="0.616">
    <system-out><![CDATA[new rating created
]]></system-out>
  </testcase>
</testsuite>